<?xml version="1.0" encoding="UTF-8"?>
<!-- Generated by org.testng.reporters.JUnitReportReporter -->
<testsuite hostname="BTCHNLPREN01" failures="0" tests="4" name="Execution.Frame2" time="0.018" errors="0" timestamp="2025-05-05T12:21:34 IST" skipped="0">
  <testcase classname="Execution.Frame2" name="priority1" time="0.004"/>
  <system-out/>
  <testcase classname="Execution.Frame2" name="priority2" time="0.009"/>
  <system-out/>
  <testcase classname="Execution.Frame2" name="priority3" time="0.004"/>
  <system-out/>
  <testcase classname="Execution.Frame2" name="one" time="0.001"/>
  <system-out/>
</testsuite> <!-- Execution.Frame2 -->
