<?xml version="1.0" encoding="UTF-8"?>
<!-- Generated by org.testng.reporters.JUnitReportReporter -->
<testsuite hostname="BTCHNLPREN01" failures="0" tests="2" name="Execution.Frame" time="0.009" errors="0" timestamp="2025-04-23T15:05:34 IST" skipped="0">
  <testcase classname="Execution.Frame" name="divide" time="0.008"/>
  <system-out/>
  <testcase classname="Execution.Frame" name="multiply" time="0.001"/>
  <system-out/>
</testsuite> <!-- Execution.Frame -->
